Removed Pin From Net: NetName=GND Pin=C6-1
Removed Pin From Net: NetName=5V Pin=C6-2
Removed Pin From Net: NetName=GND Pin=C8-1
Removed Pin From Net: NetName=5V Pin=C8-2
Removed Member From Class: ClassName=ECUv2 Member=C14
Removed Member From Class: ClassName=ECUv2 Member=C15
Change Component Designator: OldDesignator=C7 NewDesignator=C6
Change Component Designator: OldDesignator=C9 NewDesignator=C7
Change Component Designator: OldDesignator=C10 NewDesignator=C8
Change Component Designator: OldDesignator=C11 NewDesignator=C9
Change Component Designator: OldDesignator=C12 NewDesignator=C10
Change Component Designator: OldDesignator=C13 NewDesignator=C11
Change Component Designator: OldDesignator=C14 NewDesignator=C12
Change Component Designator: OldDesignator=C15 NewDesignator=C13
Added Member To Class: ClassName=ECUv2 Member=Component R1 3.9k
Added Member To Class: ClassName=ECUv2 Member=Component R2 3.9k
Added Member To Class: ClassName=ECUv2 Member=Component R3 150
Added Member To Class: ClassName=ECUv2 Member=Component R5 1.4k
Added Member To Class: ClassName=ECUv2 Member=Component R6 150
Added Member To Class: ClassName=ECUv2 Member=Component R7 3.9k
Added Member To Class: ClassName=ECUv2 Member=Component R8 10k
Added Member To Class: ClassName=ECUv2 Member=Component R9 18.7k
Added Member To Class: ClassName=ECUv2 Member=Component R10 41.2K
Added Member To Class: ClassName=ECUv2 Member=Component R11 330
Added Member To Class: ClassName=ECUv2 Member=Component R12 41.2K
Added Member To Class: ClassName=ECUv2 Member=Component R13 150
Added Member To Class: ClassName=ECUv2 Member=Component R14 150
Added Member To Class: ClassName=ECUv2 Member=Component R15 10k
Added Member To Class: ClassName=ECUv2 Member=Component R16 150
Added Member To Class: ClassName=ECUv2 Member=Component R17 150
Added Member To Class: ClassName=ECUv2 Member=Component R18 150
